<?xml version="1.0" encoding="UTF-8"?>
<!-- Generated by org.testng.reporters.JUnitXMLReporter -->
<testsuite hostname="INMUBFLP1515" name="Test" tests="1" failures="1" timestamp="19 Feb 2020 05:19:50 GMT" time="1.713" errors="0">
  <testcase name="FCATest" time="1.654" classname="executionEngine.DriverScript">
    <failure type="java.lang.reflect.InvocationTargetException">
      <![CDATA[java.lang.reflect.InvocationTargetException
	at executionEngine.DriverScript.execute_Actions(DriverScript.java:137)
	at executionEngine.DriverScript.execute_TestCase(DriverScript.java:107)
	at executionEngine.DriverScript.FCATest(DriverScript.java:71)
Caused by: java.lang.NullPointerException
	at config.ActionKeywords.Screenshot(ActionKeywords.java:117)
	at config.ActionKeywords.openBrowser(ActionKeywords.java:99)
	... 31 more
... Removed 28 stack frames]]>
    </failure>
  </testcase> <!-- FCATest -->
</testsuite> <!-- Test -->
