<?xml version="1.0" encoding="UTF-8"?>
<testng-results total="1" passed="1" failed="0" skipped="0">
  <reporter-output>
  </reporter-output>
  <suite started-at="2020-12-14T07:00:38Z" name="Default suite" finished-at="2020-12-14T07:00:47Z" duration-ms="9430">
    <groups>
    </groups>
    <test started-at="2020-12-14T07:00:38Z" name="Default test" finished-at="2020-12-14T07:00:47Z" duration-ms="9430">
      <class name="executionEngine.DriverScript">
        <test-method signature="FCATest()[pri:0, instance:executionEngine.DriverScript@65c7a252]" started-at="2020-12-14T12:30:38Z" name="FCATest" finished-at="2020-12-14T12:30:47Z" duration-ms="9420" status="PASS">
          <reporter-output>
          </reporter-output>
        </test-method> <!-- FCATest -->
      </class> <!-- executionEngine.DriverScript -->
    </test> <!-- Default test -->
  </suite> <!-- Default suite -->
</testng-results>
